# JRE version: Java(TM) SE Runtime Environment (21.0.1+12) (build 21.0.1+12-LTS-29)
# Java VM: Java HotSpot(TM) 64-Bit Server VM (21.0.1+12-LTS-29, mixed mode, emulated-client, sharing, tiered, compressed oops, compressed class ptrs, g1 gc, windows-amd64)
GC Precious Log:
 CardTable entry size: 512
 Card Set container configuration: InlinePtr #cards 4 size 8 Array Of Cards #cards 32 size 80 Howl #buckets 8 coarsen threshold 7372 Howl Bitmap #cards 1024 size 144 coarsen threshold 921 Card regions per heap region 1 cards per card region 8192
 CPUs: 16 total, 16 available
 Memory: 28381M
 Large Page Support: Disabled
 NUMA Support: Disabled
 Compressed Oops: Enabled (Zero based)
 Heap Region Size: 4M
 Heap Min Capacity: 8M
 Heap Initial Capacity: 444M
 Heap Max Capacity: 7096M
 Pre-touch: Disabled
 Parallel Workers: 13
 Concurrent Workers: 3
 Concurrent Refinement Workers: 13
 Periodic GC: Disabled
Heap:
 garbage-first heap   total 204800K, used 72569K [0x0000000644800000, 0x0000000800000000)
  region size 4096K, 4 young (16384K), 2 survivors (8192K)
 Metaspace       used 83859K, committed 84864K, reserved 1179648K
  class space    used 11741K, committed 12160K, reserved 1048576K
GC Heap History (20 events):
Event: 1447.795 GC heap before
{Heap before GC invocations=39 (full 4):
 garbage-first heap   total 167936K, used 140507K [0x0000000644800000, 0x0000000800000000)
  region size 4096K, 22 young (90112K), 2 survivors (8192K)
 Metaspace       used 83100K, committed 83968K, reserved 1179648K
  class space    used 11703K, committed 12096K, reserved 1048576K
}
Event: 1447.800 GC heap after
{Heap after GC invocations=40 (full 4):
 garbage-first heap   total 167936K, used 61218K [0x0000000644800000, 0x0000000800000000)
  region size 4096K, 3 young (12288K), 3 survivors (12288K)
 Metaspace       used 83100K, committed 83968K, reserved 1179648K
  class space    used 11703K, committed 12096K, reserved 1048576K
}
Event: 1453.694 GC heap before
{Heap before GC invocations=40 (full 4):
 garbage-first heap   total 167936K, used 122658K [0x0000000644800000, 0x0000000800000000)
  region size 4096K, 19 young (77824K), 3 survivors (12288K)
 Metaspace       used 83113K, committed 84032K, reserved 1179648K
  class space    used 11706K, committed 12096K, reserved 1048576K
}
Event: 1453.818 GC heap after
{Heap after GC invocations=41 (full 5):
 garbage-first heap   total 167936K, used 58477K [0x0000000644800000, 0x0000000800000000)
  region size 4096K, 0 young (0K), 0 survivors (0K)
 Metaspace       used 83110K, committed 84032K, reserved 1179648K
  class space    used 11706K, committed 12096K, reserved 1048576K
}
Event: 1454.525 GC heap before
{Heap before GC invocations=41 (full 5):
 garbage-first heap   total 167936K, used 140397K [0x0000000644800000, 0x0000000800000000)
  region size 4096K, 21 young (86016K), 0 survivors (0K)
 Metaspace       used 83267K, committed 84160K, reserved 1179648K
  class space    used 11729K, committed 12096K, reserved 1048576K
}
Event: 1454.532 GC heap after
{Heap after GC invocations=42 (full 5):
 garbage-first heap   total 167936K, used 64201K [0x0000000644800000, 0x0000000800000000)
  region size 4096K, 2 young (8192K), 2 survivors (8192K)
 Metaspace       used 83267K, committed 84160K, reserved 1179648K
  class space    used 11729K, committed 12096K, reserved 1048576K
}
Event: 1454.948 GC heap before
{Heap before GC invocations=43 (full 5):
 garbage-first heap   total 167936K, used 133833K [0x0000000644800000, 0x0000000800000000)
  region size 4096K, 19 young (77824K), 2 survivors (8192K)
 Metaspace       used 83585K, committed 84480K, reserved 1179648K
  class space    used 11753K, committed 12160K, reserved 1048576K
}
Event: 1454.951 GC heap after
{Heap after GC invocations=44 (full 5):
 garbage-first heap   total 167936K, used 66870K [0x0000000644800000, 0x0000000800000000)
  region size 4096K, 3 young (12288K), 3 survivors (12288K)
 Metaspace       used 83585K, committed 84480K, reserved 1179648K
  class space    used 11753K, committed 12160K, reserved 1048576K
}
Event: 1455.246 GC heap before
{Heap before GC invocations=44 (full 5):
 garbage-first heap   total 167936K, used 128310K [0x0000000644800000, 0x0000000800000000)
  region size 4096K, 18 young (73728K), 3 survivors (12288K)
 Metaspace       used 83591K, committed 84480K, reserved 1179648K
  class space    used 11756K, committed 12160K, reserved 1048576K
}
Event: 1455.249 GC heap after
{Heap after GC invocations=45 (full 5):
 garbage-first heap   total 167936K, used 69519K [0x0000000644800000, 0x0000000800000000)
  region size 4096K, 2 young (8192K), 2 survivors (8192K)
 Metaspace       used 83591K, committed 84480K, reserved 1179648K
  class space    used 11756K, committed 12160K, reserved 1048576K
}
Event: 1482.178 GC heap before
{Heap before GC invocations=45 (full 5):
 garbage-first heap   total 167936K, used 94095K [0x0000000644800000, 0x0000000800000000)
  region size 4096K, 9 young (36864K), 2 survivors (8192K)
 Metaspace       used 83610K, committed 84544K, reserved 1179648K
  class space    used 11757K, committed 12160K, reserved 1048576K
}
Event: 1482.294 GC heap after
{Heap after GC invocations=46 (full 6):
 garbage-first heap   total 167936K, used 65336K [0x0000000644800000, 0x0000000800000000)
  region size 4096K, 0 young (0K), 0 survivors (0K)
 Metaspace       used 83606K, committed 84544K, reserved 1179648K
  class space    used 11756K, committed 12160K, reserved 1048576K
}
Event: 1482.951 GC heap before
{Heap before GC invocations=46 (full 6):
 garbage-first heap   total 167936K, used 147256K [0x0000000644800000, 0x0000000800000000)
  region size 4096K, 20 young (81920K), 0 survivors (0K)
 Metaspace       used 83760K, committed 84672K, reserved 1179648K
  class space    used 11775K, committed 12160K, reserved 1048576K
}
Event: 1482.958 GC heap after
{Heap after GC invocations=47 (full 6):
 garbage-first heap   total 167936K, used 70811K [0x0000000644800000, 0x0000000800000000)
  region size 4096K, 2 young (8192K), 2 survivors (8192K)
 Metaspace       used 83760K, committed 84672K, reserved 1179648K
  class space    used 11775K, committed 12160K, reserved 1048576K
}
Event: 1484.871 GC heap before
{Heap before GC invocations=48 (full 6):
 garbage-first heap   total 167936K, used 136347K [0x0000000644800000, 0x0000000800000000)
  region size 4096K, 18 young (73728K), 2 survivors (8192K)
 Metaspace       used 83812K, committed 84864K, reserved 1179648K
  class space    used 11732K, committed 12160K, reserved 1048576K
}
Event: 1484.874 GC heap after
{Heap after GC invocations=49 (full 6):
 garbage-first heap   total 167936K, used 74147K [0x0000000644800000, 0x0000000800000000)
  region size 4096K, 3 young (12288K), 3 survivors (12288K)
 Metaspace       used 83812K, committed 84864K, reserved 1179648K
  class space    used 11732K, committed 12160K, reserved 1048576K
}
Event: 1485.145 GC heap before
{Heap before GC invocations=49 (full 6):
 garbage-first heap   total 167936K, used 131491K [0x0000000644800000, 0x0000000800000000)
  region size 4096K, 17 young (69632K), 3 survivors (12288K)
 Metaspace       used 83820K, committed 84864K, reserved 1179648K
  class space    used 11735K, committed 12160K, reserved 1048576K
}
Event: 1485.150 GC heap after
{Heap after GC invocations=50 (full 6):
 garbage-first heap   total 167936K, used 67369K [0x0000000644800000, 0x0000000800000000)
  region size 4096K, 2 young (8192K), 2 survivors (8192K)
 Metaspace       used 83820K, committed 84864K, reserved 1179648K
  class space    used 11735K, committed 12160K, reserved 1048576K
}
Event: 1537.301 GC heap before
{Heap before GC invocations=50 (full 6):
 garbage-first heap   total 167936K, used 104233K [0x0000000644800000, 0x0000000800000000)
  region size 4096K, 12 young (49152K), 2 survivors (8192K)
 Metaspace       used 83832K, committed 84864K, reserved 1179648K
  class space    used 11737K, committed 12160K, reserved 1048576K
}
Event: 1537.307 GC heap after
{Heap after GC invocations=51 (full 6):
 garbage-first heap   total 204800K, used 68473K [0x0000000644800000, 0x0000000800000000)
  region size 4096K, 2 young (8192K), 2 survivors (8192K)
 Metaspace       used 83832K, committed 84864K, reserved 1179648K
  class space    used 11737K, committed 12160K, reserved 1048576K
}

